#
# There is insufficient memory for the Java Runtime Environment to continue.
# Native memory allocation (mmap) failed to map 180355072 bytes for committing reserved memory.
# Possible reasons:
#   The system is out of physical RAM or swap space
#   In 32 bit mode, the process size limit was hit
# Possible solutions:
#   Reduce memory load on the system
#   Increase physical memory or swap space
#   Check if swap backing store is full
#   Use 64 bit Java on a 64 bit OS
#   Decrease Java heap size (-Xmx/-Xms)
#   Decrease number of Java threads
#   Decrease Java thread stack sizes (-Xss)
#   Set larger code cache with -XX:ReservedCodeCacheSize=
# This output file may be truncated or incomplete.
#
#  Out of Memory Error (os_linux.cpp:2627), pid=19987, tid=0x00007f3f550d6700
#
# JRE version: Java(TM) SE Runtime Environment (8.0_102-b14) (build 1.8.0_102-b14)
# Java VM: Java HotSpot(TM) 64-Bit Server VM (25.102-b14 mixed mode linux-amd64 compressed oops)
# Failed to write core dump. Core dumps have been disabled. To enable core dumping, try "ulimit -c unlimited" before starting Java again
#

---------------  T H R E A D  ---------------

Current thread (0x00007f3f70073800):  VMThread [stack: 0x00007f3f54fd6000,0x00007f3f550d7000] [id=19995]

Stack: [0x00007f3f54fd6000,0x00007f3f550d7000],  sp=0x00007f3f550d52a0,  free space=1020k
Native frames: (J=compiled Java code, j=interpreted, Vv=VM code, C=native code)
V  [libjvm.so+0xac52aa]  VMError::report_and_die()+0x2ba
V  [libjvm.so+0x4fc29b]  report_vm_out_of_memory(char const*, int, unsigned long, VMErrorType, char const*)+0x8b
V  [libjvm.so+0x922603]  os::Linux::commit_memory_impl(char*, unsigned long, bool)+0x103
V  [libjvm.so+0x922b59]  os::pd_commit_memory(char*, unsigned long, unsigned long, bool)+0x29
V  [libjvm.so+0x91ce5a]  os::commit_memory(char*, unsigned long, unsigned long, bool)+0x2a
V  [libjvm.so+0x9915e3]  PSVirtualSpace::expand_by(unsigned long)+0x53
V  [libjvm.so+0x9929e8]  PSYoungGen::resize_generation(unsigned long, unsigned long)+0xf8
V  [libjvm.so+0x991b42]  PSYoungGen::resize(unsigned long, unsigned long)+0x22
V  [libjvm.so+0x98ee1b]  PSScavenge::invoke_no_policy()+0xf3b
V  [libjvm.so+0x98f5a1]  PSScavenge::invoke()+0x41
V  [libjvm.so+0x9462f0]  ParallelScavengeHeap::failed_mem_allocate(unsigned long)+0x70
V  [libjvm.so+0xac6cc7]  VM_ParallelGCFailedAllocation::doit()+0x97
V  [libjvm.so+0xace7a5]  VM_Operation::evaluate()+0x55
V  [libjvm.so+0xaccb7a]  VMThread::evaluate_operation(VM_Operation*)+0xba
V  [libjvm.so+0xaccefe]  VMThread::loop()+0x1ce
V  [libjvm.so+0xacd370]  VMThread::run()+0x70
V  [libjvm.so+0x9249c8]  java_start(Thread*)+0x108

VM_Operation (0x00007f3f2fcfa890): ParallelGCFailedAllocation, mode: safepoint, requested by thread 0x00007f3f70140000


---------------  P R O C E S S  ---------------

Java Threads: ( => current thread )
  0x00007f3f70143800 JavaThread "pool-2-thread-4" [_thread_blocked, id=20007, stack(0x00007f3f2f9fa000,0x00007f3f2fafb000)]
  0x00007f3f70142000 JavaThread "pool-2-thread-3" [_thread_blocked, id=20006, stack(0x00007f3f2fafb000,0x00007f3f2fbfc000)]
  0x00007f3f70140000 JavaThread "pool-2-thread-2" [_thread_blocked, id=20005, stack(0x00007f3f2fbfc000,0x00007f3f2fcfd000)]
  0x00007f3f7013f000 JavaThread "pool-3-thread-1" [_thread_blocked, id=20004, stack(0x00007f3f2fcfd000,0x00007f3f2fdfe000)]
  0x00007f3f7013d000 JavaThread "pool-2-thread-1" [_thread_blocked, id=20003, stack(0x00007f3f2fdfe000,0x00007f3f2feff000)]
  0x00007f3f700ba000 JavaThread "Service Thread" daemon [_thread_blocked, id=20001, stack(0x00007f3f54011000,0x00007f3f54112000)]
  0x00007f3f700b7000 JavaThread "C1 CompilerThread1" daemon [_thread_blocked, id=20000, stack(0x00007f3f54112000,0x00007f3f54213000)]
  0x00007f3f700b4000 JavaThread "C2 CompilerThread0" daemon [_thread_blocked, id=19999, stack(0x00007f3f54213000,0x00007f3f54314000)]
  0x00007f3f700b2800 JavaThread "Signal Dispatcher" daemon [_thread_blocked, id=19998, stack(0x00007f3f54314000,0x00007f3f54415000)]
  0x00007f3f70080000 JavaThread "Finalizer" daemon [_thread_blocked, id=19997, stack(0x00007f3f54dd4000,0x00007f3f54ed5000)]
  0x00007f3f7007b800 JavaThread "Reference Handler" daemon [_thread_blocked, id=19996, stack(0x00007f3f54ed5000,0x00007f3f54fd6000)]
  0x00007f3f7000a000 JavaThread "main" [_thread_blocked, id=19991, stack(0x00007f3f75ea6000,0x00007f3f75fa7000)]

Other Threads:
=>0x00007f3f70073800 VMThread [stack: 0x00007f3f54fd6000,0x00007f3f550d7000] [id=19995]
  0x00007f3f700bc800 WatcherThread [stack: 0x00007f3f2feff000,0x00007f3f30000000] [id=20002]

VM state:at safepoint (normal execution)

VM Mutex/Monitor currently owned by a thread:  ([mutex/lock_event])
[0x00007f3f70006500] Threads_lock - owner thread: 0x00007f3f70073800
[0x00007f3f70006a00] Heap_lock - owner thread: 0x00007f3f70140000

Heap:
 PSYoungGen      total 132096K, used 5110K [0x000000076ab00000, 0x0000000773100000, 0x00000007c0000000)
  eden space 126976K, 0% used [0x000000076ab00000,0x000000076ab00000,0x0000000772700000)
  from space 5120K, 99% used [0x0000000772700000,0x0000000772bfd930,0x0000000772c00000)
  to   space 5120K, 0% used [0x0000000772c00000,0x0000000772c00000,0x0000000773100000)
 ParOldGen       total 84992K, used 47645K [0x00000006c0000000, 0x00000006c5300000, 0x000000076ab00000)
  object space 84992K, 56% used [0x00000006c0000000,0x00000006c2e87678,0x00000006c5300000)
 Metaspace       used 6171K, capacity 7088K, committed 7296K, reserved 1056768K
  class space    used 590K, capacity 616K, committed 640K, reserved 1048576K

Card table byte_map: [0x00007f3f5f3a1000,0x00007f3f5fba2000] byte_map_base: 0x00007f3f5bda1000

Marking Bits: (ParMarkBitMap*) 0x00007f3f7537ec60
 Begin Bits: [0x00007f3f56c49000, 0x00007f3f5ac49000)
 End Bits:   [0x00007f3f5ac49000, 0x00007f3f5ec49000)

Polling page: 0x00007f3f75fce000

CodeCache: size=245760Kb used=6067Kb max_used=6080Kb free=239692Kb
 bounds [0x00007f3f5ff62000, 0x00007f3f60562000, 0x00007f3f6ef62000]
 total_blobs=1999 nmethods=1733 adapters=181
 compilation: enabled

Compilation events (10 events):
Event: 3.289 Thread 0x00007f3f700b7000 1826       2       com.android.dx.cf.direct.StdAttributeFactory::signature (94 bytes)
Event: 3.290 Thread 0x00007f3f700b7000 nmethod 1826 0x00007f3f6054c2d0 code [0x00007f3f6054c5e0, 0x00007f3f6054d588]
Event: 3.290 Thread 0x00007f3f700b7000 1827       2       java.util.concurrent.ArrayBlockingQueue::dequeue (75 bytes)
Event: 3.290 Thread 0x00007f3f700b7000 nmethod 1827 0x00007f3f6054b090 code [0x00007f3f6054b240, 0x00007f3f6054b598]
Event: 3.293 Thread 0x00007f3f700b7000 1831       2       java.util.DualPivotQuicksort::sort (614 bytes)
Event: 3.293 Thread 0x00007f3f700b4000 nmethod 1732 0x00007f3f6054ab50 code [0x00007f3f6054aca0, 0x00007f3f6054ae98]
Event: 3.293 Thread 0x00007f3f700b4000 1829   !   4       com.android.dx.rop.code.BasicBlock::<init> (273 bytes)
Event: 3.294 Thread 0x00007f3f700b7000 nmethod 1831 0x00007f3f6054f590 code [0x00007f3f6054f7e0, 0x00007f3f60550538]
Event: 3.299 Thread 0x00007f3f700b4000 nmethod 1829 0x00007f3f60554c10 code [0x00007f3f60554dc0, 0x00007f3f60555498]
Event: 3.299 Thread 0x00007f3f700b4000 1773       4       com.android.dx.ssa.SsaMethod::bitSetFromLabelList (47 bytes)

GC Heap History (9 events):
Event: 1.126 GC heap before
{Heap before GC invocations=1 (full 0):
 PSYoungGen      total 36864K, used 31744K [0x000000076ab00000, 0x000000076d400000, 0x00000007c0000000)
  eden space 31744K, 100% used [0x000000076ab00000,0x000000076ca00000,0x000000076ca00000)
  from space 5120K, 0% used [0x000000076cf00000,0x000000076cf00000,0x000000076d400000)
  to   space 5120K, 0% used [0x000000076ca00000,0x000000076ca00000,0x000000076cf00000)
 ParOldGen       total 84992K, used 0K [0x00000006c0000000, 0x00000006c5300000, 0x000000076ab00000)
  object space 84992K, 0% used [0x00000006c0000000,0x00000006c0000000,0x00000006c5300000)
 Metaspace       used 5731K, capacity 6768K, committed 7040K, reserved 1056768K
  class space    used 588K, capacity 616K, committed 640K, reserved 1048576K
Event: 1.138 GC heap after
Heap after GC invocations=1 (full 0):
 PSYoungGen      total 36864K, used 5106K [0x000000076ab00000, 0x000000076f300000, 0x00000007c0000000)
  eden space 31744K, 0% used [0x000000076ab00000,0x000000076ab00000,0x000000076ca00000)
  from space 5120K, 99% used [0x000000076ca00000,0x000000076cefc8c0,0x000000076cf00000)
  to   space 5120K, 0% used [0x000000076ee00000,0x000000076ee00000,0x000000076f300000)
 ParOldGen       total 84992K, used 154K [0x00000006c0000000, 0x00000006c5300000, 0x000000076ab00000)
  object space 84992K, 0% used [0x00000006c0000000,0x00000006c0026bb8,0x00000006c5300000)
 Metaspace       used 5731K, capacity 6768K, committed 7040K, reserved 1056768K
  class space    used 588K, capacity 616K, committed 640K, reserved 1048576K
}
Event: 1.584 GC heap before
{Heap before GC invocations=2 (full 0):
 PSYoungGen      total 36864K, used 36850K [0x000000076ab00000, 0x000000076f300000, 0x00000007c0000000)
  eden space 31744K, 100% used [0x000000076ab00000,0x000000076ca00000,0x000000076ca00000)
  from space 5120K, 99% used [0x000000076ca00000,0x000000076cefc8c0,0x000000076cf00000)
  to   space 5120K, 0% used [0x000000076ee00000,0x000000076ee00000,0x000000076f300000)
 ParOldGen       total 84992K, used 154K [0x00000006c0000000, 0x00000006c5300000, 0x000000076ab00000)
  object space 84992K, 0% used [0x00000006c0000000,0x00000006c0026bb8,0x00000006c5300000)
 Metaspace       used 5795K, capacity 6768K, committed 7040K, reserved 1056768K
  class space    used 589K, capacity 616K, committed 640K, reserved 1048576K
Event: 1.615 GC heap after
Heap after GC invocations=2 (full 0):
 PSYoungGen      total 68608K, used 5098K [0x000000076ab00000, 0x000000076f300000, 0x00000007c0000000)
  eden space 63488K, 0% used [0x000000076ab00000,0x000000076ab00000,0x000000076e900000)
  from space 5120K, 99% used [0x000000076ee00000,0x000000076f2faab8,0x000000076f300000)
  to   space 5120K, 0% used [0x000000076e900000,0x000000076e900000,0x000000076ee00000)
 ParOldGen       total 84992K, used 4162K [0x00000006c0000000, 0x00000006c5300000, 0x000000076ab00000)
  object space 84992K, 4% used [0x00000006c0000000,0x00000006c0410a88,0x00000006c5300000)
 Metaspace       used 5795K, capacity 6768K, committed 7040K, reserved 1056768K
  class space    used 589K, capacity 616K, committed 640K, reserved 1048576K
}
Event: 2.232 GC heap before
{Heap before GC invocations=3 (full 0):
 PSYoungGen      total 68608K, used 68586K [0x000000076ab00000, 0x000000076f300000, 0x00000007c0000000)
  eden space 63488K, 100% used [0x000000076ab00000,0x000000076e900000,0x000000076e900000)
  from space 5120K, 99% used [0x000000076ee00000,0x000000076f2faab8,0x000000076f300000)
  to   space 5120K, 0% used [0x000000076e900000,0x000000076e900000,0x000000076ee00000)
 ParOldGen       total 84992K, used 4162K [0x00000006c0000000, 0x00000006c5300000, 0x000000076ab00000)
  object space 84992K, 4% used [0x00000006c0000000,0x00000006c0410a88,0x00000006c5300000)
 Metaspace       used 5892K, capacity 6896K, committed 7040K, reserved 1056768K
  class space    used 589K, capacity 616K, committed 640K, reserved 1048576K
Event: 2.276 GC heap after
Heap after GC invocations=3 (full 0):
 PSYoungGen      total 68608K, used 5088K [0x000000076ab00000, 0x0000000773100000, 0x00000007c0000000)
  eden space 63488K, 0% used [0x000000076ab00000,0x000000076ab00000,0x000000076e900000)
  from space 5120K, 99% used [0x000000076e900000,0x000000076edf8010,0x000000076ee00000)
  to   space 5120K, 0% used [0x0000000772c00000,0x0000000772c00000,0x0000000773100000)
 ParOldGen       total 84992K, used 13483K [0x00000006c0000000, 0x00000006c5300000, 0x000000076ab00000)
  object space 84992K, 15% used [0x00000006c0000000,0x00000006c0d2ad08,0x00000006c5300000)
 Metaspace       used 5892K, capacity 6896K, committed 7040K, reserved 1056768K
  class space    used 589K, capacity 616K, committed 640K, reserved 1048576K
}
Event: 2.679 GC heap before
{Heap before GC invocations=4 (full 0):
 PSYoungGen      total 68608K, used 68576K [0x000000076ab00000, 0x0000000773100000, 0x00000007c0000000)
  eden space 63488K, 100% used [0x000000076ab00000,0x000000076e900000,0x000000076e900000)
  from space 5120K, 99% used [0x000000076e900000,0x000000076edf8010,0x000000076ee00000)
  to   space 5120K, 0% used [0x0000000772c00000,0x0000000772c00000,0x0000000773100000)
 ParOldGen       total 84992K, used 13483K [0x00000006c0000000, 0x00000006c5300000, 0x000000076ab00000)
  object space 84992K, 15% used [0x00000006c0000000,0x00000006c0d2ad08,0x00000006c5300000)
 Metaspace       used 5996K, capacity 6960K, committed 7040K, reserved 1056768K
  class space    used 590K, capacity 616K, committed 640K, reserved 1048576K
Event: 2.736 GC heap after
Heap after GC invocations=4 (full 0):
 PSYoungGen      total 132096K, used 5110K [0x000000076ab00000, 0x0000000773100000, 0x00000007c0000000)
  eden space 126976K, 0% used [0x000000076ab00000,0x000000076ab00000,0x0000000772700000)
  from space 5120K, 99% used [0x0000000772c00000,0x00000007730fd930,0x0000000773100000)
  to   space 5120K, 0% used [0x0000000772700000,0x0000000772700000,0x0000000772c00000)
 ParOldGen       total 84992K, used 26367K [0x00000006c0000000, 0x00000006c5300000, 0x000000076ab00000)
  object space 84992K, 31% used [0x00000006c0000000,0x00000006c19bfe58,0x00000006c5300000)
 Metaspace       used 5996K, capacity 6960K, committed 7040K, reserved 1056768K
  class space    used 590K, capacity 616K, committed 640K, reserved 1048576K
}
Event: 3.311 GC heap before
{Heap before GC invocations=5 (full 0):
 PSYoungGen      total 132096K, used 132086K [0x000000076ab00000, 0x0000000773100000, 0x00000007c0000000)
  eden space 126976K, 100% used [0x000000076ab00000,0x0000000772700000,0x0000000772700000)
  from space 5120K, 99% used [0x0000000772c00000,0x00000007730fd930,0x0000000773100000)
  to   space 5120K, 0% used [0x0000000772700000,0x0000000772700000,0x0000000772c00000)
 ParOldGen       total 84992K, used 26367K [0x00000006c0000000, 0x00000006c5300000, 0x000000076ab00000)
  object space 84992K, 31% used [0x00000006c0000000,0x00000006c19bfe58,0x00000006c5300000)
 Metaspace       used 6171K, capacity 7088K, committed 7296K, reserved 1056768K
  class space    used 590K, capacity 616K, committed 640K, reserved 1048576K

Deoptimization events (7 events):
Event: 1.090 Thread 0x00007f3f7000a000 Uncommon trap: reason=null_check action=make_not_entrant pc=0x00007f3f601d1a28 method=com.android.dx.rop.type.Type.equals(Ljava/lang/Object;)Z @ 8
Event: 1.334 Thread 0x00007f3f7000a000 Uncommon trap: reason=unstable_if action=reinterpret pc=0x00007f3f601d2a44 method=java.util.HashMap.getNode(ILjava/lang/Object;)Ljava/util/HashMap$Node; @ 84
Event: 1.334 Thread 0x00007f3f7000a000 Uncommon trap: reason=unstable_if action=reinterpret pc=0x00007f3f60137958 method=java.util.HashMap.getNode(ILjava/lang/Object;)Ljava/util/HashMap$Node; @ 84
Event: 1.866 Thread 0x00007f3f7000a000 Uncommon trap: reason=bimorphic action=maybe_recompile pc=0x00007f3f602fa54c method=java.util.HashMap.getNode(ILjava/lang/Object;)Ljava/util/HashMap$Node; @ 126
Event: 1.866 Thread 0x00007f3f7000a000 Uncommon trap: reason=bimorphic action=maybe_recompile pc=0x00007f3f602fa54c method=java.util.HashMap.getNode(ILjava/lang/Object;)Ljava/util/HashMap$Node; @ 126
Event: 1.866 Thread 0x00007f3f7000a000 Uncommon trap: reason=bimorphic action=maybe_recompile pc=0x00007f3f602fa54c method=java.util.HashMap.getNode(ILjava/lang/Object;)Ljava/util/HashMap$Node; @ 126
Event: 1.866 Thread 0x00007f3f7000a000 Uncommon trap: reason=bimorphic action=maybe_recompile pc=0x00007f3f602fa54c method=java.util.HashMap.getNode(ILjava/lang/Object;)Ljava/util/HashMap$Node; @ 126

Internal exceptions (3 events):
Event: 0.305 Thread 0x00007f3f7000a000 Exception <a 'java/lang/NoSuchMethodError': Method sun.misc.Unsafe.defineClass(Ljava/lang/String;[BII)Ljava/lang/Class; name or signature does not match> (0x000000076ab07c78) thrown at [/HUDSON3/workspace/8-2-build-linux-amd64/jdk8u102/7268/hotspot/src/sh
Event: 0.305 Thread 0x00007f3f7000a000 Exception <a 'java/lang/NoSuchMethodError': Method sun.misc.Unsafe.prefetchRead(Ljava/lang/Object;J)V name or signature does not match> (0x000000076ab07f60) thrown at [/HUDSON3/workspace/8-2-build-linux-amd64/jdk8u102/7268/hotspot/src/share/vm/prims/jni.c
Event: 1.090 Thread 0x00007f3f7000a000 Implicit null exception at 0x00007f3f601d1922 to 0x00007f3f601d1a1b

Events (10 events):
Event: 3.206 Thread 0x00007f3f7013d000 DEOPT UNPACKING pc=0x00007f3f5ffa9233 sp=0x00007f3f2fefcb98 mode 0
Event: 3.235 Thread 0x00007f3f70143800 DEOPT PACKING pc=0x00007f3f60290ce7 sp=0x00007f3f2faf8cc0
Event: 3.235 Thread 0x00007f3f70143800 DEOPT UNPACKING pc=0x00007f3f5ffa9233 sp=0x00007f3f2faf8aa8 mode 0
Event: 3.260 Thread 0x00007f3f70140000 DEOPT PACKING pc=0x00007f3f60290cd0 sp=0x00007f3f2fcfaa90
Event: 3.260 Thread 0x00007f3f70140000 DEOPT UNPACKING pc=0x00007f3f5ffa9233 sp=0x00007f3f2fcfa878 mode 0
Event: 3.261 Thread 0x00007f3f70140000 DEOPT PACKING pc=0x00007f3f602cc5b4 sp=0x00007f3f2fcfae30
Event: 3.261 Thread 0x00007f3f70140000 DEOPT UNPACKING pc=0x00007f3f5ffa9233 sp=0x00007f3f2fcfab30 mode 0
Event: 3.286 Thread 0x00007f3f7013d000 DEOPT PACKING pc=0x00007f3f6015d9c1 sp=0x00007f3f2fefd000
Event: 3.286 Thread 0x00007f3f7013d000 DEOPT UNPACKING pc=0x00007f3f5ffa9233 sp=0x00007f3f2fefcd50 mode 0
Event: 3.307 Executing VM operation: ParallelGCFailedAllocation


Dynamic libraries:
00400000-00401000 r-xp 00000000 08:04 14305787                           /usr/lib/jvm/oracle_jdk8/bin/java
00600000-00601000 rw-p 00000000 08:04 14305787                           /usr/lib/jvm/oracle_jdk8/bin/java
01bfc000-01c1d000 rw-p 00000000 00:00 0                                  [heap]
6c0000000-6c5300000 rw-p 00000000 00:00 0 
6c5300000-76ab00000 ---p 00000000 00:00 0 
76ab00000-773100000 rw-p 00000000 00:00 0 
77dd00000-7c0000000 ---p 00000000 00:00 0 
7c0000000-7c00a0000 rw-p 00000000 00:00 0 
7c00a0000-800000000 ---p 00000000 00:00 0 
7f3f18000000-7f3f18021000 rw-p 00000000 00:00 0 
7f3f18021000-7f3f1c000000 ---p 00000000 00:00 0 
7f3f1c000000-7f3f1c044000 rw-p 00000000 00:00 0 
7f3f1c044000-7f3f20000000 ---p 00000000 00:00 0 
7f3f20000000-7f3f20021000 rw-p 00000000 00:00 0 
7f3f20021000-7f3f24000000 ---p 00000000 00:00 0 
7f3f24000000-7f3f24021000 rw-p 00000000 00:00 0 
7f3f24021000-7f3f28000000 ---p 00000000 00:00 0 
7f3f28000000-7f3f28021000 rw-p 00000000 00:00 0 
7f3f28021000-7f3f2c000000 ---p 00000000 00:00 0 
7f3f2f9fa000-7f3f2f9fd000 ---p 00000000 00:00 0 
7f3f2f9fd000-7f3f2fafb000 rw-p 00000000 00:00 0 
7f3f2fafb000-7f3f2fafe000 ---p 00000000 00:00 0 
7f3f2fafe000-7f3f2fbfc000 rw-p 00000000 00:00 0 
7f3f2fbfc000-7f3f2fbff000 ---p 00000000 00:00 0 
7f3f2fbff000-7f3f2fcfd000 rw-p 00000000 00:00 0 
7f3f2fcfd000-7f3f2fd00000 ---p 00000000 00:00 0 
7f3f2fd00000-7f3f2fdfe000 rw-p 00000000 00:00 0 
7f3f2fdfe000-7f3f2fe01000 ---p 00000000 00:00 0 
7f3f2fe01000-7f3f2feff000 rw-p 00000000 00:00 0 
7f3f2feff000-7f3f2ff00000 ---p 00000000 00:00 0 
7f3f2ff00000-7f3f30000000 rw-p 00000000 00:00 0 
7f3f30000000-7f3f305bb000 rw-p 00000000 00:00 0 
7f3f305bb000-7f3f34000000 ---p 00000000 00:00 0 
7f3f34000000-7f3f34021000 rw-p 00000000 00:00 0 
7f3f34021000-7f3f38000000 ---p 00000000 00:00 0 
7f3f38000000-7f3f38021000 rw-p 00000000 00:00 0 
7f3f38021000-7f3f3c000000 ---p 00000000 00:00 0 
7f3f3c000000-7f3f3c53d000 rw-p 00000000 00:00 0 
7f3f3c53d000-7f3f40000000 ---p 00000000 00:00 0 
7f3f40000000-7f3f40021000 rw-p 00000000 00:00 0 
7f3f40021000-7f3f44000000 ---p 00000000 00:00 0 
7f3f44000000-7f3f44021000 rw-p 00000000 00:00 0 
7f3f44021000-7f3f48000000 ---p 00000000 00:00 0 
7f3f48000000-7f3f48021000 rw-p 00000000 00:00 0 
7f3f48021000-7f3f4c000000 ---p 00000000 00:00 0 
7f3f4c000000-7f3f4c28f000 rw-p 00000000 00:00 0 
7f3f4c28f000-7f3f50000000 ---p 00000000 00:00 0 
7f3f50000000-7f3f50021000 rw-p 00000000 00:00 0 
7f3f50021000-7f3f54000000 ---p 00000000 00:00 0 
7f3f54011000-7f3f54014000 ---p 00000000 00:00 0 
7f3f54014000-7f3f54112000 rw-p 00000000 00:00 0 
7f3f54112000-7f3f54115000 ---p 00000000 00:00 0 
7f3f54115000-7f3f54213000 rw-p 00000000 00:00 0 
7f3f54213000-7f3f54216000 ---p 00000000 00:00 0 
7f3f54216000-7f3f54314000 rw-p 00000000 00:00 0 
7f3f54314000-7f3f54317000 ---p 00000000 00:00 0 
7f3f54317000-7f3f54415000 rw-p 00000000 00:00 0 
7f3f54415000-7f3f54dd4000 r--p 00000000 08:04 12720961                   /usr/lib/locale/locale-archive
7f3f54dd4000-7f3f54dd7000 ---p 00000000 00:00 0 
7f3f54dd7000-7f3f54ed5000 rw-p 00000000 00:00 0 
7f3f54ed5000-7f3f54ed8000 ---p 00000000 00:00 0 
7f3f54ed8000-7f3f54fd6000 rw-p 00000000 00:00 0 
7f3f54fd6000-7f3f54fd7000 ---p 00000000 00:00 0 
7f3f54fd7000-7f3f55a71000 rw-p 00000000 00:00 0 
7f3f55a71000-7f3f55c49000 r--s 03d29000 08:04 14305819                   /usr/lib/jvm/oracle_jdk8/jre/lib/rt.jar
7f3f55c49000-7f3f562c9000 rw-p 00000000 00:00 0 
7f3f562c9000-7f3f56449000 ---p 00000000 00:00 0 
7f3f56449000-7f3f5ec49000 rw-p 00000000 00:00 0 
7f3f5ec49000-7f3f5ec4a000 ---p 00000000 00:00 0 
7f3f5ec4a000-7f3f5ed4a000 rw-p 00000000 00:00 0 
7f3f5ed4a000-7f3f5ed4b000 ---p 00000000 00:00 0 
7f3f5ed4b000-7f3f5ee75000 rw-p 00000000 00:00 0 
7f3f5ee75000-7f3f5f3a1000 ---p 00000000 00:00 0 
7f3f5f3a1000-7f3f5f3cb000 rw-p 00000000 00:00 0 
7f3f5f3cb000-7f3f5f8f6000 ---p 00000000 00:00 0 
7f3f5f8f6000-7f3f5f93a000 rw-p 00000000 00:00 0 
7f3f5f93a000-7f3f5fba1000 ---p 00000000 00:00 0 
7f3f5fba1000-7f3f5fbba000 rw-p 00000000 00:00 0 
7f3f5fbba000-7f3f5ff62000 ---p 00000000 00:00 0 
7f3f5ff62000-7f3f60562000 rwxp 00000000 00:00 0 
7f3f60562000-7f3f6ef62000 ---p 00000000 00:00 0 
7f3f6ef62000-7f3f6ef7c000 r-xp 00000000 08:04 14685951                   /usr/lib/jvm/oracle_jdk8/jre/lib/amd64/libzip.so
7f3f6ef7c000-7f3f6f17c000 ---p 0001a000 08:04 14685951                   /usr/lib/jvm/oracle_jdk8/jre/lib/amd64/libzip.so
7f3f6f17c000-7f3f6f17d000 rw-p 0001a000 08:04 14685951                   /usr/lib/jvm/oracle_jdk8/jre/lib/amd64/libzip.so
7f3f6f17d000-7f3f6f188000 r-xp 00000000 08:04 3805640                    /lib/x86_64-linux-gnu/libnss_files-2.23.so
7f3f6f188000-7f3f6f387000 ---p 0000b000 08:04 3805640                    /lib/x86_64-linux-gnu/libnss_files-2.23.so
7f3f6f387000-7f3f6f388000 r--p 0000a000 08:04 3805640                    /lib/x86_64-linux-gnu/libnss_files-2.23.so
7f3f6f388000-7f3f6f389000 rw-p 0000b000 08:04 3805640                    /lib/x86_64-linux-gnu/libnss_files-2.23.so
7f3f6f389000-7f3f6f38f000 rw-p 00000000 00:00 0 
7f3f6f38f000-7f3f6f39a000 r-xp 00000000 08:04 3805650                    /lib/x86_64-linux-gnu/libnss_nis-2.23.so
7f3f6f39a000-7f3f6f599000 ---p 0000b000 08:04 3805650                    /lib/x86_64-linux-gnu/libnss_nis-2.23.so
7f3f6f599000-7f3f6f59a000 r--p 0000a000 08:04 3805650                    /lib/x86_64-linux-gnu/libnss_nis-2.23.so
7f3f6f59a000-7f3f6f59b000 rw-p 0000b000 08:04 3805650                    /lib/x86_64-linux-gnu/libnss_nis-2.23.so
7f3f6f59b000-7f3f6f5b1000 r-xp 00000000 08:04 3805634                    /lib/x86_64-linux-gnu/libnsl-2.23.so
7f3f6f5b1000-7f3f6f7b0000 ---p 00016000 08:04 3805634                    /lib/x86_64-linux-gnu/libnsl-2.23.so
7f3f6f7b0000-7f3f6f7b1000 r--p 00015000 08:04 3805634                    /lib/x86_64-linux-gnu/libnsl-2.23.so
7f3f6f7b1000-7f3f6f7b2000 rw-p 00016000 08:04 3805634                    /lib/x86_64-linux-gnu/libnsl-2.23.so
7f3f6f7b2000-7f3f6f7b4000 rw-p 00000000 00:00 0 
7f3f6f7b4000-7f3f6f7bc000 r-xp 00000000 08:04 3805636                    /lib/x86_64-linux-gnu/libnss_compat-2.23.so
7f3f6f7bc000-7f3f6f9bb000 ---p 00008000 08:04 3805636                    /lib/x86_64-linux-gnu/libnss_compat-2.23.so
7f3f6f9bb000-7f3f6f9bc000 r--p 00007000 08:04 3805636                    /lib/x86_64-linux-gnu/libnss_compat-2.23.so
7f3f6f9bc000-7f3f6f9bd000 rw-p 00008000 08:04 3805636                    /lib/x86_64-linux-gnu/libnss_compat-2.23.so
7f3f6f9bd000-7f3f6f9e7000 r-xp 00000000 08:04 14685976                   /usr/lib/jvm/oracle_jdk8/jre/lib/amd64/libjava.so
7f3f6f9e7000-7f3f6fbe7000 ---p 0002a000 08:04 14685976                   /usr/lib/jvm/oracle_jdk8/jre/lib/amd64/libjava.so
7f3f6fbe7000-7f3f6fbe9000 rw-p 0002a000 08:04 14685976                   /usr/lib/jvm/oracle_jdk8/jre/lib/amd64/libjava.so
7f3f6fbe9000-7f3f6fbf6000 r-xp 00000000 08:04 14685929                   /usr/lib/jvm/oracle_jdk8/jre/lib/amd64/libverify.so
7f3f6fbf6000-7f3f6fdf6000 ---p 0000d000 08:04 14685929                   /usr/lib/jvm/oracle_jdk8/jre/lib/amd64/libverify.so
7f3f6fdf6000-7f3f6fdf8000 rw-p 0000d000 08:04 14685929                   /usr/lib/jvm/oracle_jdk8/jre/lib/amd64/libverify.so
7f3f6fdf8000-7f3f6fdff000 r-xp 00000000 08:04 3805695                    /lib/x86_64-linux-gnu/librt-2.23.so
7f3f6fdff000-7f3f6fffe000 ---p 00007000 08:04 3805695                    /lib/x86_64-linux-gnu/librt-2.23.so
7f3f6fffe000-7f3f6ffff000 r--p 00006000 08:04 3805695                    /lib/x86_64-linux-gnu/librt-2.23.so
7f3f6ffff000-7f3f70000000 rw-p 00007000 08:04 3805695                    /lib/x86_64-linux-gnu/librt-2.23.so
7f3f70000000-7f3f7038b000 rw-p 00000000 00:00 0 
7f3f7038b000-7f3f74000000 ---p 00000000 00:00 0 
7f3f7400f000-7f3f7401c000 r--s 00071000 08:04 11929108                   /root/AndroidStudioProjects/NewDesta/app/build/intermediates/exploded-aar/com.google.android.gms/play-services-basement/9.6.0/jars/classes.jar
7f3f7401c000-7f3f740b3000 rw-p 00000000 00:00 0 
7f3f740b3000-7f3f741bb000 r-xp 00000000 08:04 3805611                    /lib/x86_64-linux-gnu/libm-2.23.so
7f3f741bb000-7f3f743ba000 ---p 00108000 08:04 3805611                    /lib/x86_64-linux-gnu/libm-2.23.so
7f3f743ba000-7f3f743bb000 r--p 00107000 08:04 3805611                    /lib/x86_64-linux-gnu/libm-2.23.so
7f3f743bb000-7f3f743bc000 rw-p 00108000 08:04 3805611                    /lib/x86_64-linux-gnu/libm-2.23.so
7f3f743bc000-7f3f75088000 r-xp 00000000 08:04 14819430                   /usr/lib/jvm/oracle_jdk8/jre/lib/amd64/server/libjvm.so
7f3f75088000-7f3f75288000 ---p 00ccc000 08:04 14819430                   /usr/lib/jvm/oracle_jdk8/jre/lib/amd64/server/libjvm.so
7f3f75288000-7f3f75361000 rw-p 00ccc000 08:04 14819430                   /usr/lib/jvm/oracle_jdk8/jre/lib/amd64/server/libjvm.so
7f3f75361000-7f3f753ac000 rw-p 00000000 00:00 0 
7f3f753ac000-7f3f7556c000 r-xp 00000000 08:04 3805541                    /lib/x86_64-linux-gnu/libc-2.23.so
7f3f7556c000-7f3f7576b000 ---p 001c0000 08:04 3805541                    /lib/x86_64-linux-gnu/libc-2.23.so
7f3f7576b000-7f3f7576f000 r--p 001bf000 08:04 3805541                    /lib/x86_64-linux-gnu/libc-2.23.so
7f3f7576f000-7f3f75771000 rw-p 001c3000 08:04 3805541                    /lib/x86_64-linux-gnu/libc-2.23.so
7f3f75771000-7f3f75775000 rw-p 00000000 00:00 0 
7f3f75775000-7f3f75778000 r-xp 00000000 08:04 3805565                    /lib/x86_64-linux-gnu/libdl-2.23.so
7f3f75778000-7f3f75977000 ---p 00003000 08:04 3805565                    /lib/x86_64-linux-gnu/libdl-2.23.so
7f3f75977000-7f3f75978000 r--p 00002000 08:04 3805565                    /lib/x86_64-linux-gnu/libdl-2.23.so
7f3f75978000-7f3f75979000 rw-p 00003000 08:04 3805565                    /lib/x86_64-linux-gnu/libdl-2.23.so
7f3f75979000-7f3f7598e000 r-xp 00000000 08:04 14305748                   /usr/lib/jvm/oracle_jdk8/lib/amd64/jli/libjli.so
7f3f7598e000-7f3f75b8e000 ---p 00015000 08:04 14305748                   /usr/lib/jvm/oracle_jdk8/lib/amd64/jli/libjli.so
7f3f75b8e000-7f3f75b8f000 rw-p 00015000 08:04 14305748                   /usr/lib/jvm/oracle_jdk8/lib/amd64/jli/libjli.so
7f3f75b8f000-7f3f75ba7000 r-xp 00000000 08:04 3805687                    /lib/x86_64-linux-gnu/libpthread-2.23.so
7f3f75ba7000-7f3f75da6000 ---p 00018000 08:04 3805687                    /lib/x86_64-linux-gnu/libpthread-2.23.so
7f3f75da6000-7f3f75da7000 r--p 00017000 08:04 3805687                    /lib/x86_64-linux-gnu/libpthread-2.23.so
7f3f75da7000-7f3f75da8000 rw-p 00018000 08:04 3805687                    /lib/x86_64-linux-gnu/libpthread-2.23.so
7f3f75da8000-7f3f75dac000 rw-p 00000000 00:00 0 
7f3f75dac000-7f3f75dd2000 r-xp 00000000 08:04 3805513                    /lib/x86_64-linux-gnu/ld-2.23.so
7f3f75dd3000-7f3f75ea6000 rw-p 00000000 00:00 0 
7f3f75ea6000-7f3f75ea9000 ---p 00000000 00:00 0 
7f3f75ea9000-7f3f75fab000 rw-p 00000000 00:00 0 
7f3f75fb7000-7f3f75fc5000 r--s 000e0000 08:04 9967134                    /root/Android/Sdk/build-tools/24.0.2/lib/dx.jar
7f3f75fc5000-7f3f75fcd000 rw-s 00000000 08:04 7209557                    /tmp/hsperfdata_root/19987
7f3f75fcd000-7f3f75fce000 rw-p 00000000 00:00 0 
7f3f75fce000-7f3f75fcf000 ---p 00000000 00:00 0 
7f3f75fcf000-7f3f75fd1000 rw-p 00000000 00:00 0 
7f3f75fd1000-7f3f75fd2000 r--p 00025000 08:04 3805513                    /lib/x86_64-linux-gnu/ld-2.23.so
7f3f75fd2000-7f3f75fd3000 rw-p 00026000 08:04 3805513                    /lib/x86_64-linux-gnu/ld-2.23.so
7f3f75fd3000-7f3f75fd4000 rw-p 00000000 00:00 0 
7ffe48d54000-7ffe48d75000 rw-p 00000000 00:00 0                          [stack]
7ffe48d96000-7ffe48d98000 r--p 00000000 00:00 0                          [vvar]
7ffe48d98000-7ffe48d9a000 r-xp 00000000 00:00 0                          [vdso]
ffffffffff600000-ffffffffff601000 r-xp 00000000 00:00 0                  [vsyscall]

VM Arguments:
jvm_args: -Djava.awt.headless=true -Xmx4g -Dfile.encoding=UTF-8 -Duser.country=IN -Duser.language=en -Duser.variant 
java_command: com.android.dx.command.Main --dex --force-jumbo --num-threads=4 --multi-dex --output /root/AndroidStudioProjects/NewDesta/app/build/intermediates/transforms/dex/release/folders/1000/10/com.google.android.gms-play-services-basement-9.6.0_ef029d079fe399a3eb54f4a4e95800d483b8a4d1 /root/AndroidStudioProjects/NewDesta/app/build/intermediates/exploded-aar/com.google.android.gms/play-services-basement/9.6.0/jars/classes.jar
java_class_path (initial): /root/Android/Sdk/build-tools/24.0.2/lib/dx.jar
Launcher Type: SUN_STANDARD

Environment Variables:
JAVA_HOME=/usr/lib/jvm/oracle_jdk8
PATH=/root/bin:/usr/local/sbin:/usr/local/bin:/usr/sbin:/usr/bin:/sbin:/bin:/usr/games:/usr/local/games:/snap/bin:/usr/lib/jvm/oracle_jdk8/bin:/usr/lib/jvm/oracle_jdk8/db/bin:/usr/lib/jvm/oracle_jdk8/jre/bin:/opt/android-studio/bin
SHELL=/bin/bash
DISPLAY=:0

Signal Handlers:
SIGSEGV: [libjvm.so+0xac5b30], sa_mask[0]=11111111011111111101111111111110, sa_flags=SA_RESTART|SA_SIGINFO
SIGBUS: [libjvm.so+0xac5b30], sa_mask[0]=11111111011111111101111111111110, sa_flags=SA_RESTART|SA_SIGINFO
SIGFPE: [libjvm.so+0x91f470], sa_mask[0]=11111111011111111101111111111110, sa_flags=SA_RESTART|SA_SIGINFO
SIGPIPE: [libjvm.so+0x91f470], sa_mask[0]=11111111011111111101111111111110, sa_flags=SA_RESTART|SA_SIGINFO
SIGXFSZ: [libjvm.so+0x91f470], sa_mask[0]=11111111011111111101111111111110, sa_flags=SA_RESTART|SA_SIGINFO
SIGILL: [libjvm.so+0x91f470], sa_mask[0]=11111111011111111101111111111110, sa_flags=SA_RESTART|SA_SIGINFO
SIGUSR1: SIG_DFL, sa_mask[0]=00000000000000000000000000000000, sa_flags=none
SIGUSR2: [libjvm.so+0x920aa0], sa_mask[0]=00100000000000000000000000000000, sa_flags=SA_RESTART|SA_SIGINFO
SIGHUP: [libjvm.so+0x921ea0], sa_mask[0]=11111111011111111101111111111110, sa_flags=SA_RESTART|SA_SIGINFO
SIGINT: [libjvm.so+0x921ea0], sa_mask[0]=11111111011111111101111111111110, sa_flags=SA_RESTART|SA_SIGINFO
SIGTERM: [libjvm.so+0x921ea0], sa_mask[0]=11111111011111111101111111111110, sa_flags=SA_RESTART|SA_SIGINFO
SIGQUIT: [libjvm.so+0x921ea0], sa_mask[0]=11111111011111111101111111111110, sa_flags=SA_RESTART|SA_SIGINFO


---------------  S Y S T E M  ---------------

OS:DISTRIB_ID=Ubuntu
DISTRIB_RELEASE=16.04
DISTRIB_CODENAME=xenial
DISTRIB_DESCRIPTION="Ubuntu 16.04.1 LTS"

uname:Linux 4.4.0-38-generic #57-Ubuntu SMP Tue Sep 6 15:42:33 UTC 2016 x86_64
libc:glibc 2.23 NPTL 2.23 
rlimit: STACK 8192k, CORE 0k, NPROC 31384, NOFILE 65536, AS infinity
load average:3.68 1.50 1.09

/proc/meminfo:
MemTotal:        8073084 kB
MemFree:          118396 kB
MemAvailable:      45732 kB
Buffers:            3672 kB
Cached:           771136 kB
SwapCached:        12732 kB
Active:          6138764 kB
Inactive:        1539784 kB
Active(anon):    6089712 kB
Inactive(anon):  1515816 kB
Active(file):      49052 kB
Inactive(file):    23968 kB
Unevictable:         344 kB
Mlocked:             344 kB
SwapTotal:        499708 kB
SwapFree:              0 kB
Dirty:              4412 kB
Writeback:             0 kB
AnonPages:       6892064 kB
Mapped:           580568 kB
Shmem:            701748 kB
Slab:             101452 kB
SReclaimable:      51528 kB
SUnreclaim:        49924 kB
KernelStack:       16672 kB
PageTables:        95200 kB
NFS_Unstable:          0 kB
Bounce:                0 kB
WritebackTmp:          0 kB
CommitLimit:     4536248 kB
Committed_AS:   18167792 kB
VmallocTotal:   34359738367 kB
VmallocUsed:           0 kB
VmallocChunk:          0 kB
HardwareCorrupted:     0 kB
AnonHugePages:   2689024 kB
CmaTotal:              0 kB
CmaFree:               0 kB
HugePages_Total:       0
HugePages_Free:        0
HugePages_Rsvd:        0
HugePages_Surp:        0
Hugepagesize:       2048 kB
DirectMap4k:      204812 kB
DirectMap2M:     8081408 kB
DirectMap1G:     1048576 kB


CPU:total 2 (2 cores per cpu, 1 threads per core) family 6 model 60 stepping 3, cmov, cx8, fxsr, mmx, sse, sse2, sse3, ssse3, sse4.1, sse4.2, popcnt, clmul, erms, lzcnt, tsc, tscinvbit

/proc/cpuinfo:
processor	: 0
vendor_id	: GenuineIntel
cpu family	: 6
model		: 60
model name	: Intel(R) Pentium(R) CPU G3240 @ 3.10GHz
stepping	: 3
microcode	: 0x1e
cpu MHz		: 3100.000
cache size	: 3072 KB
physical id	: 0
siblings	: 2
core id		: 0
cpu cores	: 2
apicid		: 0
initial apicid	: 0
fpu		: yes
fpu_exception	: yes
cpuid level	: 13
wp		: yes
flags		: fpu vme de pse tsc msr pae mce cx8 apic sep mtrr pge mca cmov pat pse36 clflush dts acpi mmx fxsr sse sse2 ss ht tm pbe syscall nx pdpe1gb rdtscp lm constant_tsc arch_perfmon pebs bts rep_good nopl xtopology nonstop_tsc aperfmperf eagerfpu pni pclmulqdq dtes64 monitor ds_cpl vmx est tm2 ssse3 sdbg cx16 xtpr pdcm pcid sse4_1 sse4_2 movbe popcnt tsc_deadline_timer xsave rdrand lahf_lm abm tpr_shadow vnmi flexpriority ept vpid fsgsbase tsc_adjust erms invpcid xsaveopt dtherm arat pln pts
bugs		:
bogomips	: 6185.62
clflush size	: 64
cache_alignment	: 64
address sizes	: 39 bits physical, 48 bits virtual
power management:

processor	: 1
vendor_id	: GenuineIntel
cpu family	: 6
model		: 60
model name	: Intel(R) Pentium(R) CPU G3240 @ 3.10GHz
stepping	: 3
microcode	: 0x1e
cpu MHz		: 3099.878
cache size	: 3072 KB
physical id	: 0
siblings	: 2
core id		: 1
cpu cores	: 2
apicid		: 2
initial apicid	: 2
fpu		: yes
fpu_exception	: yes
cpuid level	: 13
wp		: yes
flags		: fpu vme de pse tsc msr pae mce cx8 apic sep mtrr pge mca cmov pat pse36 clflush dts acpi mmx fxsr sse sse2 ss ht tm pbe syscall nx pdpe1gb rdtscp lm constant_tsc arch_perfmon pebs bts rep_good nopl xtopology nonstop_tsc aperfmperf eagerfpu pni pclmulqdq dtes64 monitor ds_cpl vmx est tm2 ssse3 sdbg cx16 xtpr pdcm pcid sse4_1 sse4_2 movbe popcnt tsc_deadline_timer xsave rdrand lahf_lm abm tpr_shadow vnmi flexpriority ept vpid fsgsbase tsc_adjust erms invpcid xsaveopt dtherm arat pln pts
bugs		:
bogomips	: 6185.62
clflush size	: 64
cache_alignment	: 64
address sizes	: 39 bits physical, 48 bits virtual
power management:



Memory: 4k page, physical 8073084k(118396k free), swap 499708k(0k free)

vm_info: Java HotSpot(TM) 64-Bit Server VM (25.102-b14) for linux-amd64 JRE (1.8.0_102-b14), built on Jun 22 2016 18:43:17 by "java_re" with gcc 4.3.0 20080428 (Red Hat 4.3.0-8)

time: Mon Sep 26 14:34:45 2016
elapsed time: 3 seconds (0d 0h 0m 3s)

