#
# There is insufficient memory for the Java Runtime Environment to continue.
# Native memory allocation (malloc) failed to allocate 1254096 bytes for Chunk::new
# Possible reasons:
#   The system is out of physical RAM or swap space
#   In 32 bit mode, the process size limit was hit
# Possible solutions:
#   Reduce memory load on the system
#   Increase physical memory or swap space
#   Check if swap backing store is full
#   Use 64 bit Java on a 64 bit OS
#   Decrease Java heap size (-Xmx/-Xms)
#   Decrease number of Java threads
#   Decrease Java thread stack sizes (-Xss)
#   Set larger code cache with -XX:ReservedCodeCacheSize=
# This output file may be truncated or incomplete.
#
#  Out of Memory Error (allocation.cpp:390), pid=736, tid=0x0000000000002374
#
# JRE version: Java(TM) SE Runtime Environment (8.0_92-b14) (build 1.8.0_92-b14)
# Java VM: Java HotSpot(TM) 64-Bit Server VM (25.92-b14 mixed mode windows-amd64 compressed oops)
# Failed to write core dump. Minidumps are not enabled by default on client versions of Windows
#

---------------  T H R E A D  ---------------

Current thread (0x000000001b6da000):  JavaThread "C2 CompilerThread0" daemon [_thread_in_native, id=9076, stack(0x000000001c6f0000,0x000000001c7f0000)]

Stack: [0x000000001c6f0000,0x000000001c7f0000]
[error occurred during error reporting (printing stack bounds), id 0xc0000005]

Native frames: (J=compiled Java code, j=interpreted, Vv=VM code, C=native code)


Current CompileTask:
C2:  11351 1960   !   4       com.android.dx.cf.code.BytecodeArray::parseInstruction (2764 bytes)


---------------  P R O C E S S  ---------------

Java Threads: ( => current thread )
  0x000000001cd34000 JavaThread "pool-2-thread-4" [_thread_in_Java, id=4620, stack(0x000000001d2f0000,0x000000001d3f0000)]
  0x000000001cd33000 JavaThread "pool-2-thread-3" [_thread_in_Java, id=4248, stack(0x000000001d1f0000,0x000000001d2f0000)]
  0x000000001cd28000 JavaThread "pool-2-thread-2" [_thread_in_Java, id=188, stack(0x000000001d0f0000,0x000000001d1f0000)]
  0x000000001cd27800 JavaThread "pool-3-thread-1" [_thread_blocked, id=6116, stack(0x000000001cff0000,0x000000001d0f0000)]
  0x000000001cd1e800 JavaThread "pool-2-thread-1" [_thread_in_Java, id=384, stack(0x000000001cef0000,0x000000001cff0000)]
  0x000000001b735000 JavaThread "Service Thread" daemon [_thread_blocked, id=6156, stack(0x000000001c8f0000,0x000000001c9f0000)]
  0x000000001b732000 JavaThread "C1 CompilerThread1" daemon [_thread_blocked, id=5028, stack(0x000000001c7f0000,0x000000001c8f0000)]
=>0x000000001b6da000 JavaThread "C2 CompilerThread0" daemon [_thread_in_native, id=9076, stack(0x000000001c6f0000,0x000000001c7f0000)]
  0x000000001b6d8800 JavaThread "Attach Listener" daemon [_thread_blocked, id=7724, stack(0x000000001c5f0000,0x000000001c6f0000)]
  0x000000001b6d5000 JavaThread "Signal Dispatcher" daemon [_thread_blocked, id=3420, stack(0x000000001c4f0000,0x000000001c5f0000)]
  0x000000001b6c8800 JavaThread "Finalizer" daemon [_thread_blocked, id=9080, stack(0x000000001c310000,0x000000001c410000)]
  0x00000000021ed800 JavaThread "Reference Handler" daemon [_thread_blocked, id=8384, stack(0x000000001c210000,0x000000001c310000)]
  0x0000000001eed800 JavaThread "main" [_thread_in_Java, id=8864, stack(0x0000000001f00000,0x0000000002000000)]

Other Threads:
  0x000000001b6a5800 VMThread [stack: 0x000000001c110000,0x000000001c210000] [id=708]
  0x000000001b741000 WatcherThread [stack: 0x000000001c9f0000,0x000000001caf0000] [id=3720]

VM state:not at safepoint (normal execution)

VM Mutex/Monitor currently owned by a thread: None

Heap:
 PSYoungGen      total 195072K, used 163970K [0x000000076ab00000, 0x000000077ce00000, 0x00000007c0000000)
  eden space 125440K, 75% used [0x000000076ab00000,0x00000007707262f8,0x0000000772580000)
  from space 69632K, 99% used [0x0000000772580000,0x000000077697a7a0,0x0000000776980000)
  to   space 41472K, 0% used [0x0000000776980000,0x0000000776980000,0x0000000779200000)
 ParOldGen       total 224256K, used 137058K [0x00000006c0000000, 0x00000006cdb00000, 0x000000076ab00000)
  object space 224256K, 61% used [0x00000006c0000000,0x00000006c85d8838,0x00000006cdb00000)
 Metaspace       used 6502K, capacity 7192K, committed 7424K, reserved 1056768K
  class space    used 621K, capacity 656K, committed 768K, reserved 1048576K

Card table byte_map: [0x00000000115c0000,0x0000000011dd0000] byte_map_base: 0x000000000dfc0000

Marking Bits: (ParMarkBitMap*) 0x00000000528064f0
 Begin Bits: [0x0000000012530000, 0x0000000016530000)
 End Bits:   [0x0000000016530000, 0x000000001a530000)

Polling page: 0x0000000001e70000

CodeCache: size=245760Kb used=8633Kb max_used=8633Kb free=237126Kb
 bounds [0x0000000002200000, 0x0000000002a80000, 0x0000000011200000]
 total_blobs=2209 nmethods=1941 adapters=181
 compilation: enabled

Compilation events (10 events):
Event: 11.267 Thread 0x000000001b732000 2002       2       com.android.dx.cf.direct.StdAttributeFactory::innerClasses (383 bytes)
Event: 11.270 Thread 0x000000001b732000 nmethod 2002 0x0000000002a65fd0 code [0x0000000002a66600, 0x0000000002a69048]
Event: 11.272 Thread 0x000000001b732000 2003       2       com.android.dx.dex.file.ClassDataItem::<init> (96 bytes)
Event: 11.272 Thread 0x000000001b732000 nmethod 2003 0x0000000002a6dad0 code [0x0000000002a6dcc0, 0x0000000002a6e268]
Event: 11.272 Thread 0x000000001b732000 2004       2       com.android.dx.dex.cf.AttributeTranslator::translateEnclosingMethod (50 bytes)
Event: 11.273 Thread 0x000000001b732000 nmethod 2004 0x0000000002a6e4d0 code [0x0000000002a6e6c0, 0x0000000002a6ec68]
Event: 11.273 Thread 0x000000001b732000 2005       2       com.android.dx.dex.cf.AttributeTranslator::translateInnerClasses (356 bytes)
Event: 11.275 Thread 0x000000001b732000 nmethod 2005 0x0000000002a6f110 code [0x0000000002a6f4e0, 0x0000000002a708b8]
Event: 11.311 Thread 0x000000001b732000 2006       1       com.android.dx.rop.cst.CstLiteral32::fitsInInt (2 bytes)
Event: 11.311 Thread 0x000000001b732000 nmethod 2006 0x00000000029ffe50 code [0x00000000029fffa0, 0x0000000002a000b0]

GC Heap History (10 events):
Event: 5.459 GC heap before
{Heap before GC invocations=11 (full 1):
 PSYoungGen      total 140288K, used 140271K [0x000000076ab00000, 0x0000000779200000, 0x00000007c0000000)
  eden space 110592K, 100% used [0x000000076ab00000,0x0000000771700000,0x0000000771700000)
  from space 29696K, 99% used [0x0000000771700000,0x00000007733fbfc0,0x0000000773400000)
  to   space 41472K, 0% used [0x0000000776980000,0x0000000776980000,0x0000000779200000)
 ParOldGen       total 90624K, used 64883K [0x00000006c0000000, 0x00000006c5880000, 0x000000076ab00000)
  object space 90624K, 71% used [0x00000006c0000000,0x00000006c3f5ccb8,0x00000006c5880000)
 Metaspace       used 6487K, capacity 7192K, committed 7424K, reserved 1056768K
  class space    used 621K, capacity 656K, committed 768K, reserved 1048576K
Event: 5.729 GC heap after
Heap after GC invocations=11 (full 1):
 PSYoungGen      total 166912K, used 41463K [0x000000076ab00000, 0x000000077ce00000, 0x00000007c0000000)
  eden space 125440K, 0% used [0x000000076ab00000,0x000000076ab00000,0x0000000772580000)
  from space 41472K, 99% used [0x0000000776980000,0x00000007791fde70,0x0000000779200000)
  to   space 69632K, 0% used [0x0000000772580000,0x0000000772580000,0x0000000776980000)
 ParOldGen       total 122880K, used 122422K [0x00000006c0000000, 0x00000006c7800000, 0x000000076ab00000)
  object space 122880K, 99% used [0x00000006c0000000,0x00000006c778dbf8,0x00000006c7800000)
 Metaspace       used 6487K, capacity 7192K, committed 7424K, reserved 1056768K
  class space    used 621K, capacity 656K, committed 768K, reserved 1048576K
}
Event: 5.729 GC heap before
{Heap before GC invocations=12 (full 2):
 PSYoungGen      total 166912K, used 41463K [0x000000076ab00000, 0x000000077ce00000, 0x00000007c0000000)
  eden space 125440K, 0% used [0x000000076ab00000,0x000000076ab00000,0x0000000772580000)
  from space 41472K, 99% used [0x0000000776980000,0x00000007791fde70,0x0000000779200000)
  to   space 69632K, 0% used [0x0000000772580000,0x0000000772580000,0x0000000776980000)
 ParOldGen       total 122880K, used 122422K [0x00000006c0000000, 0x00000006c7800000, 0x000000076ab00000)
  object space 122880K, 99% used [0x00000006c0000000,0x00000006c778dbf8,0x00000006c7800000)
 Metaspace       used 6487K, capacity 7192K, committed 7424K, reserved 1056768K
  class space    used 621K, capacity 656K, committed 768K, reserved 1048576K
Event: 7.506 GC heap after
Heap after GC invocations=12 (full 2):
 PSYoungGen      total 166912K, used 0K [0x000000076ab00000, 0x000000077ce00000, 0x00000007c0000000)
  eden space 125440K, 0% used [0x000000076ab00000,0x000000076ab00000,0x0000000772580000)
  from space 41472K, 0% used [0x0000000776980000,0x0000000776980000,0x0000000779200000)
  to   space 69632K, 0% used [0x0000000772580000,0x0000000772580000,0x0000000776980000)
 ParOldGen       total 122880K, used 115250K [0x00000006c0000000, 0x00000006c7800000, 0x000000076ab00000)
  object space 122880K, 93% used [0x00000006c0000000,0x00000006c708c9e8,0x00000006c7800000)
 Metaspace       used 6487K, capacity 7192K, committed 7424K, reserved 1056768K
  class space    used 621K, capacity 656K, committed 768K, reserved 1048576K
}
Event: 9.083 GC heap before
{Heap before GC invocations=13 (full 3):
 PSYoungGen      total 166912K, used 125440K [0x000000076ab00000, 0x000000077ce00000, 0x00000007c0000000)
  eden space 125440K, 100% used [0x000000076ab00000,0x0000000772580000,0x0000000772580000)
  from space 41472K, 0% used [0x0000000776980000,0x0000000776980000,0x0000000779200000)
  to   space 69632K, 0% used [0x0000000772580000,0x0000000772580000,0x0000000776980000)
 ParOldGen       total 122880K, used 115250K [0x00000006c0000000, 0x00000006c7800000, 0x000000076ab00000)
  object space 122880K, 93% used [0x00000006c0000000,0x00000006c708c9e8,0x00000006c7800000)
 Metaspace       used 6488K, capacity 7192K, committed 7424K, reserved 1056768K
  class space    used 621K, capacity 656K, committed 768K, reserved 1048576K
Event: 10.005 GC heap after
Heap after GC invocations=13 (full 3):
 PSYoungGen      total 166912K, used 38159K [0x000000076ab00000, 0x000000077ce00000, 0x00000007c0000000)
  eden space 125440K, 30% used [0x000000076ab00000,0x000000076d043f00,0x0000000772580000)
  from space 41472K, 0% used [0x0000000776980000,0x0000000776980000,0x0000000779200000)
  to   space 69632K, 0% used [0x0000000772580000,0x0000000772580000,0x0000000776980000)
 ParOldGen       total 122880K, used 122455K [0x00000006c0000000, 0x00000006c7800000, 0x000000076ab00000)
  object space 122880K, 99% used [0x00000006c0000000,0x00000006c7795d88,0x00000006c7800000)
 Metaspace       used 6488K, capacity 7192K, committed 7424K, reserved 1056768K
  class space    used 621K, capacity 656K, committed 768K, reserved 1048576K
}
Event: 10.409 GC heap before
{Heap before GC invocations=14 (full 4):
 PSYoungGen      total 166912K, used 125440K [0x000000076ab00000, 0x000000077ce00000, 0x00000007c0000000)
  eden space 125440K, 100% used [0x000000076ab00000,0x0000000772580000,0x0000000772580000)
  from space 41472K, 0% used [0x0000000776980000,0x0000000776980000,0x0000000779200000)
  to   space 69632K, 0% used [0x0000000772580000,0x0000000772580000,0x0000000776980000)
 ParOldGen       total 122880K, used 122455K [0x00000006c0000000, 0x00000006c7800000, 0x000000076ab00000)
  object space 122880K, 99% used [0x00000006c0000000,0x00000006c7795d88,0x00000006c7800000)
 Metaspace       used 6494K, capacity 7192K, committed 7424K, reserved 1056768K
  class space    used 621K, capacity 656K, committed 768K, reserved 1048576K
Event: 10.805 GC heap after
Heap after GC invocations=14 (full 4):
 PSYoungGen      total 166912K, used 66060K [0x000000076ab00000, 0x000000077ce00000, 0x00000007c0000000)
  eden space 125440K, 52% used [0x000000076ab00000,0x000000076eb83148,0x0000000772580000)
  from space 41472K, 0% used [0x0000000776980000,0x0000000776980000,0x0000000779200000)
  to   space 69632K, 0% used [0x0000000772580000,0x0000000772580000,0x0000000776980000)
 ParOldGen       total 224256K, used 122587K [0x00000006c0000000, 0x00000006cdb00000, 0x000000076ab00000)
  object space 224256K, 54% used [0x00000006c0000000,0x00000006c77b6f58,0x00000006cdb00000)
 Metaspace       used 6494K, capacity 7192K, committed 7424K, reserved 1056768K
  class space    used 621K, capacity 656K, committed 768K, reserved 1048576K
}
Event: 10.994 GC heap before
{Heap before GC invocations=15 (full 4):
 PSYoungGen      total 166912K, used 125440K [0x000000076ab00000, 0x000000077ce00000, 0x00000007c0000000)
  eden space 125440K, 100% used [0x000000076ab00000,0x0000000772580000,0x0000000772580000)
  from space 41472K, 0% used [0x0000000776980000,0x0000000776980000,0x0000000779200000)
  to   space 69632K, 0% used [0x0000000772580000,0x0000000772580000,0x0000000776980000)
 ParOldGen       total 224256K, used 122587K [0x00000006c0000000, 0x00000006cdb00000, 0x000000076ab00000)
  object space 224256K, 54% used [0x00000006c0000000,0x00000006c77b6f58,0x00000006cdb00000)
 Metaspace       used 6496K, capacity 7192K, committed 7424K, reserved 1056768K
  class space    used 621K, capacity 656K, committed 768K, reserved 1048576K
Event: 11.118 GC heap after
Heap after GC invocations=15 (full 4):
 PSYoungGen      total 195072K, used 69609K [0x000000076ab00000, 0x000000077ce00000, 0x00000007c0000000)
  eden space 125440K, 0% used [0x000000076ab00000,0x000000076ab00000,0x0000000772580000)
  from space 69632K, 99% used [0x0000000772580000,0x000000077697a7a0,0x0000000776980000)
  to   space 41472K, 0% used [0x0000000776980000,0x0000000776980000,0x0000000779200000)
 ParOldGen       total 224256K, used 137058K [0x00000006c0000000, 0x00000006cdb00000, 0x000000076ab00000)
  object space 224256K, 61% used [0x00000006c0000000,0x00000006c85d8838,0x00000006cdb00000)
 Metaspace       used 6496K, capacity 7192K, committed 7424K, reserved 1056768K
  class space    used 621K, capacity 656K, committed 768K, reserved 1048576K
}

Deoptimization events (10 events):
Event: 2.819 Thread 0x000000001cd33000 Uncommon trap: reason=unstable_if action=reinterpret pc=0x00000000027fb568 method=java.util.HashMap.getNode(ILjava/lang/Object;)Ljava/util/HashMap$Node; @ 84
Event: 2.955 Thread 0x000000001cd1e800 Uncommon trap: reason=unstable_if action=reinterpret pc=0x00000000027f9f4c method=java.util.HashMap.putVal(ILjava/lang/Object;Ljava/lang/Object;ZZ)Ljava/lang/Object; @ 162
Event: 4.037 Thread 0x0000000001eed800 Uncommon trap: reason=unstable_if action=reinterpret pc=0x0000000002551ab8 method=com.android.dx.ssa.SetFactory.makeLivenessSet(I)Lcom/android/dx/util/IntSet; @ 4
Event: 4.505 Thread 0x0000000001eed800 Uncommon trap: reason=bimorphic action=maybe_recompile pc=0x0000000002874868 method=com.android.dx.cf.code.BytecodeArray.parseInstruction(ILcom/android/dx/cf/code/BytecodeArray$Visitor;)I @ 1161
Event: 4.505 Thread 0x0000000001eed800 Uncommon trap: reason=bimorphic action=maybe_recompile pc=0x0000000002874868 method=com.android.dx.cf.code.BytecodeArray.parseInstruction(ILcom/android/dx/cf/code/BytecodeArray$Visitor;)I @ 1161
Event: 4.683 Thread 0x0000000001eed800 Uncommon trap: reason=unstable_if action=reinterpret pc=0x00000000028addc8 method=com.android.dx.cf.code.Ropper.isSynchronized()Z @ 12
Event: 4.719 Thread 0x0000000001eed800 Uncommon trap: reason=unstable_if action=reinterpret pc=0x00000000026e8298 method=com.android.dx.cf.code.Merger.mergeType(Lcom/android/dx/rop/type/TypeBearer;Lcom/android/dx/rop/type/TypeBearer;)Lcom/android/dx/rop/type/TypeBearer; @ 52
Event: 10.272 Thread 0x0000000001eed800 Uncommon trap: reason=bimorphic action=maybe_recompile pc=0x00000000029832ec method=com.android.dx.cf.code.BytecodeArray.parseInstruction(ILcom/android/dx/cf/code/BytecodeArray$Visitor;)I @ 2135
Event: 10.272 Thread 0x0000000001eed800 Uncommon trap: reason=bimorphic action=maybe_recompile pc=0x00000000029832ec method=com.android.dx.cf.code.BytecodeArray.parseInstruction(ILcom/android/dx/cf/code/BytecodeArray$Visitor;)I @ 2135
Event: 11.152 Thread 0x0000000001eed800 Uncommon trap: reason=unstable_if action=reinterpret pc=0x00000000028e7b00 method=java.util.HashMap.putVal(ILjava/lang/Object;Ljava/lang/Object;ZZ)Ljava/lang/Object; @ 109

Internal exceptions (5 events):
Event: 0.033 Thread 0x0000000001eed800 Exception <a 'java/lang/NoSuchMethodError': Method sun.misc.Unsafe.defineClass(Ljava/lang/String;[BII)Ljava/lang/Class; name or signature does not match> (0x000000076ab07cc0) thrown at [D:\re\workspace\8-2-build-windows-amd64-cygwin\jdk8u92\6642\hotspot\srÕä÷ÔFö ?
Event: 0.033 Thread 0x0000000001eed800 Exception <a 'java/lang/NoSuchMethodError': Method sun.misc.Unsafe.prefetchRead(Ljava/lang/Object;J)V name or signature does not match> (0x000000076ab07fa8) thrown at [D:\re\workspace\8-2-build-windows-amd64-cygwin\jdk8u92\6642\hotspot\src\share\vm\prims\jH‚b|a‰@
Event: 2.817 Thread 0x000000001cd33000 Exception <a 'java/lang/ArrayIndexOutOfBoundsException': 18> (0x000000076b48b008) thrown at [D:\re\workspace\8-2-build-windows-amd64-cygwin\jdk8u92\6642\hotspot\src\share\vm\interpreter\interpreterRuntime.cpp, line 366]
Event: 2.818 Thread 0x000000001cd33000 Exception <a 'java/lang/ArrayIndexOutOfBoundsException'> (0x000000076b48cb88) thrown at [D:\re\workspace\8-2-build-windows-amd64-cygwin\jdk8u92\6642\hotspot\src\share\vm\runtime\sharedRuntime.cpp, line 605]
Event: 2.818 Thread 0x000000001cd33000 Exception <a 'java/lang/ArrayIndexOutOfBoundsException'> (0x000000076b48de70) thrown at [D:\re\workspace\8-2-build-windows-amd64-cygwin\jdk8u92\6642\hotspot\src\share\vm\runtime\sharedRuntime.cpp, line 605]

Events (10 events):
Event: 11.179 Thread 0x000000001cd28000 DEOPT PACKING pc=0x000000000253d1d9 sp=0x000000001d1ee8c0
Event: 11.179 Thread 0x000000001cd28000 DEOPT UNPACKING pc=0x000000000224747f sp=0x000000001d1ee630 mode 0
Event: 11.190 Thread 0x000000001cd28000 DEOPT PACKING pc=0x00000000028cc92f sp=0x000000001d1ee810
Event: 11.190 Thread 0x000000001cd28000 DEOPT UNPACKING pc=0x000000000224747f sp=0x000000001d1ee5c8 mode 0
Event: 11.250 Thread 0x0000000001eed800 DEOPT PACKING pc=0x000000000253d1d9 sp=0x0000000001ffe350
Event: 11.250 Thread 0x0000000001eed800 DEOPT UNPACKING pc=0x000000000224747f sp=0x0000000001ffe0c0 mode 0
Event: 11.295 Thread 0x0000000001eed800 DEOPT PACKING pc=0x0000000002560451 sp=0x0000000001ffe250
Event: 11.295 Thread 0x0000000001eed800 DEOPT UNPACKING pc=0x000000000224747f sp=0x0000000001ffe018 mode 0
Event: 11.296 Thread 0x0000000001eed800 DEOPT PACKING pc=0x000000000253d1d9 sp=0x0000000001ffe2f0
Event: 11.296 Thread 0x0000000001eed800 DEOPT UNPACKING pc=0x000000000224747f sp=0x0000000001ffe060 mode 0


Dynamic libraries:
0x00007ff796070000 - 0x00007ff7960a7000 	C:\Program Files\Java\jdk1.8.0_92\bin\java.exe
0x00007ffabb760000 - 0x00007ffabb922000 	C:\Windows\SYSTEM32\ntdll.dll
0x00007ffaba580000 - 0x00007ffaba62d000 	C:\Windows\system32\KERNEL32.DLL
0x00007ffab8a10000 - 0x00007ffab8bed000 	C:\Windows\system32\KERNELBASE.dll
0x00007ffaba830000 - 0x00007ffaba8d6000 	C:\Windows\system32\ADVAPI32.dll
0x00007ffab8f50000 - 0x00007ffab8fed000 	C:\Windows\system32\msvcrt.dll
0x00007ffaba520000 - 0x00007ffaba57b000 	C:\Windows\system32\sechost.dll
0x00007ffab8e20000 - 0x00007ffab8f46000 	C:\Windows\system32\RPCRT4.dll
0x00007ffabb5b0000 - 0x00007ffabb6fe000 	C:\Windows\system32\USER32.dll
0x00007ffabb080000 - 0x00007ffabb205000 	C:\Windows\system32\GDI32.dll
0x00007ffaa8ba0000 - 0x00007ffaa8e14000 	C:\Windows\WinSxS\amd64_microsoft.windows.common-controls_6595b64144ccf1df_6.0.10240.17113_none_f41e180257520c58\COMCTL32.dll
0x00007ffaba700000 - 0x00007ffaba736000 	C:\Windows\system32\IMM32.DLL
0x00007ffabad00000 - 0x00007ffabae5c000 	C:\Windows\system32\MSCTF.dll
0x0000000052aa0000 - 0x0000000052b72000 	C:\Program Files\Java\jdk1.8.0_92\jre\bin\msvcr100.dll
0x0000000051ff0000 - 0x0000000052886000 	C:\Program Files\Java\jdk1.8.0_92\jre\bin\server\jvm.dll
0x00007ffabacd0000 - 0x00007ffabacd8000 	C:\Windows\system32\PSAPI.DLL
0x00007ffaac670000 - 0x00007ffaac679000 	C:\Windows\SYSTEM32\WSOCK32.dll
0x00007ffabac60000 - 0x00007ffabacc9000 	C:\Windows\system32\WS2_32.dll
0x00007ffabb4f0000 - 0x00007ffabb4f8000 	C:\Windows\system32\NSI.dll
0x00007ffab6250000 - 0x00007ffab6273000 	C:\Windows\SYSTEM32\WINMM.dll
0x00007ffab3dd0000 - 0x00007ffab3dda000 	C:\Windows\SYSTEM32\VERSION.dll
0x00007ffab61f0000 - 0x00007ffab621c000 	C:\Windows\SYSTEM32\WINMMBASE.dll
0x00007ffab8220000 - 0x00007ffab8264000 	C:\Windows\system32\cfgmgr32.dll
0x00007ffab6a20000 - 0x00007ffab6a47000 	C:\Windows\SYSTEM32\DEVOBJ.dll
0x0000000053580000 - 0x000000005358f000 	C:\Program Files\Java\jdk1.8.0_92\jre\bin\verify.dll
0x0000000053550000 - 0x0000000053579000 	C:\Program Files\Java\jdk1.8.0_92\jre\bin\java.dll
0x0000000053530000 - 0x0000000053546000 	C:\Program Files\Java\jdk1.8.0_92\jre\bin\zip.dll
0x00007ffab8ff0000 - 0x00007ffaba513000 	C:\Windows\system32\SHELL32.dll
0x00007ffab8330000 - 0x00007ffab8959000 	C:\Windows\system32\windows.storage.dll
0x00007ffabb210000 - 0x00007ffabb48c000 	C:\Windows\system32\combase.dll
0x00007ffabb490000 - 0x00007ffabb4e1000 	C:\Windows\system32\shlwapi.dll
0x00007ffab8180000 - 0x00007ffab818f000 	C:\Windows\system32\kernel.appcore.dll
0x00007ffab8270000 - 0x00007ffab8323000 	C:\Windows\system32\shcore.dll
0x00007ffab81d0000 - 0x00007ffab821a000 	C:\Windows\system32\powrprof.dll
0x00007ffab81b0000 - 0x00007ffab81c3000 	C:\Windows\system32\profapi.dll

VM Arguments:
jvm_args: -Djava.awt.headless=true -Xmx4g -Dfile.encoding=windows-1252 -Duser.country=IN -Duser.language=en -Duser.variant 
java_command: com.android.dx.command.Main --dex --force-jumbo --num-threads=4 --multi-dex --output E:\Pratik\NewDesta\app\build\intermediates\transforms\dex\release\folders\1000\10\com.google.android.gms-play-services-ads-9.6.1_65933561812917da785b31179241f41837fcc96b E:\Pratik\NewDesta\app\build\intermediates\exploded-aar\com.google.android.gms\play-services-ads\9.6.1\jars\classes.jar
java_class_path (initial): C:\Users\ADMIN\AppData\Local\Android\sdk\build-tools\24.0.2\lib\dx.jar
Launcher Type: SUN_STANDARD

Environment Variables:
JAVA_HOME=C:\Program Files\Java\jdk1.8.0_92
PATH=C:\ProgramData\Oracle\Java\javapath;C:\Windows\system32;C:\Windows;C:\Windows\System32\Wbem;C:\Windows\System32\WindowsPowerShell\v1.0\;C:\Program Files\nodejs\;C:\Program Files (x86)\Microsoft SQL Server\100\Tools\Binn\;C:\Program Files\Microsoft SQL Server\100\Tools\Binn\;C:\Program Files\Microsoft SQL Server\100\DTS\Binn\;C:\Program Files (x86)\Microsoft SQL Server\100\Tools\Binn\VSShell\Common7\IDE\;C:\Program Files (x86)\Microsoft SQL Server\100\DTS\Binn\;C:\Program Files (x86)\Microsoft SQL Server\110\Tools\Binn\;C:\Program Files\Microsoft SQL Server\110\Tools\Binn\;C:\Program Files\Microsoft SQL Server\110\DTS\Binn\;C:\Program Files (x86)\Microsoft SQL Server\110\Tools\Binn\ManagementStudio\;C:\Program Files (x86)\Microsoft SQL Server\110\DTS\Binn\;C:\Program Files\Git\cmd;C:\Program Files\Microsoft\Web Platform Installer\;C:\Program Files (x86)\Microsoft ASP.NET\ASP.NET Web Pages\v1.0\;C:\Program Files (x86)\Windows Kits\8.0\Windows Performance Toolkit\;C:\Program Files (x86)\Windows Kits\10\Windows Performance Toolkit\;C:\Program Files (x86)\Microsoft SDKs\TypeScript\1.0\;C:\Program Files\Microsoft SQL Server\120\Tools\Binn\;C:\Program Files (x86)\Skype\Phone\;C:\Program Files\Java\jdk1.8.0_92\bin
USERNAME=ADMIN
OS=Windows_NT
PROCESSOR_IDENTIFIER=Intel64 Family 6 Model 60 Stepping 3, GenuineIntel



---------------  S Y S T E M  ---------------

OS: Windows 10.0 , 64 bit Build 10240 (10.0.10240.17113)

CPU:total 2 (2 cores per cpu, 1 threads per core) family 6 model 60 stepping 3, cmov, cx8, fxsr, mmx, sse, sse2, sse3, ssse3, sse4.1, sse4.2, popcnt, clmul, erms, lzcnt, tsc, tscinvbit

Memory: 4k page, physical 4060176k(426412k free), swap 7779280k(3480k free)

vm_info: Java HotSpot(TM) 64-Bit Server VM (25.92-b14) for windows-amd64 JRE (1.8.0_92-b14), built on Mar 31 2016 21:03:04 by "java_re" with MS VC++ 10.0 (VS2010)

time: Wed Oct 05 15:58:30 2016
elapsed time: 11 seconds (0d 0h 0m 11s)

